<?xml version="1.0" encoding="UTF-8"?>
<coverage generated="1506246595">
  <project timestamp="1506246595">
    <package name="DesignPatterns\Creational\AbstractFactory">
      <file name="D:\dev\DesignPatterns\src\Creational\AbstractFactory/AbstractFactory.php">
        <class name="AbstractFactory" namespace="DesignPatterns\Creational\AbstractFactory" fullPackage="DesignPatterns" package="DesignPatterns">
          <metrics complexity="2" methods="0" coveredmethods="0" conditionals="0" coveredconditionals="0" statements="0" coveredstatements="0" elements="0" coveredelements="0"/>
        </class>
        <metrics loc="29" ncloc="9" classes="0" methods="0" coveredmethods="0" conditionals="0" coveredconditionals="0" statements="0" coveredstatements="0" elements="0" coveredelements="0"/>
      </file>
      <file name="D:\dev\DesignPatterns\src\Creational\AbstractFactory/JsonFactory.php">
        <class name="JsonFactory" namespace="DesignPatterns\Creational\AbstractFactory" fullPackage="DesignPatterns" package="DesignPatterns">
          <metrics complexity="2" methods="2" coveredmethods="2" conditionals="0" coveredconditionals="0" statements="2" coveredstatements="2" elements="4" coveredelements="4"/>
        </class>
        <line num="26" type="method" name="create_list" visibility="public" complexity="1" crap="1" count="2"/>
        <line num="27" type="stmt" count="2"/>
        <line num="35" type="method" name="create_dict" visibility="public" complexity="1" crap="1" count="3"/>
        <line num="36" type="stmt" count="3"/>
        <metrics loc="38" ncloc="16" classes="1" methods="2" coveredmethods="2" conditionals="0" coveredconditionals="0" statements="2" coveredstatements="2" elements="4" coveredelements="4"/>
      </file>
      <file name="D:\dev\DesignPatterns\src\Creational\AbstractFactory/XmlFactory.php">
        <class name="XmlFactory" namespace="DesignPatterns\Creational\AbstractFactory" fullPackage="DesignPatterns" package="DesignPatterns">
          <metrics complexity="2" methods="2" coveredmethods="2" conditionals="0" coveredconditionals="0" statements="2" coveredstatements="2" elements="4" coveredelements="4"/>
        </class>
        <line num="26" type="method" name="create_list" visibility="public" complexity="1" crap="1" count="2"/>
        <line num="27" type="stmt" count="2"/>
        <line num="35" type="method" name="create_dict" visibility="public" complexity="1" crap="1" count="3"/>
        <line num="36" type="stmt" count="3"/>
        <metrics loc="38" ncloc="16" classes="1" methods="2" coveredmethods="2" conditionals="0" coveredconditionals="0" statements="2" coveredstatements="2" elements="4" coveredelements="4"/>
      </file>
    </package>
    <package name="DesignPatterns\Creational\AbstractFactory\Component">
      <file name="D:\dev\DesignPatterns\src\Creational\AbstractFactory/Component/AbstractDict.php">
        <class name="AbstractDict" namespace="DesignPatterns\Creational\AbstractFactory\Component" fullPackage="DesignPatterns" package="DesignPatterns">
          <metrics complexity="2" methods="1" coveredmethods="1" conditionals="0" coveredconditionals="0" statements="5" coveredstatements="5" elements="6" coveredelements="6"/>
        </class>
        <line num="34" type="method" name="__construct" visibility="public" complexity="2" crap="2" count="6"/>
        <line num="35" type="stmt" count="6"/>
        <line num="36" type="stmt" count="2"/>
        <line num="38" type="stmt" count="4"/>
        <line num="39" type="stmt" count="4"/>
        <line num="40" type="stmt" count="4"/>
        <metrics loc="41" ncloc="17" classes="1" methods="1" coveredmethods="1" conditionals="0" coveredconditionals="0" statements="5" coveredstatements="5" elements="6" coveredelements="6"/>
      </file>
      <file name="D:\dev\DesignPatterns\src\Creational\AbstractFactory/Component/AbstractList.php">
        <class name="AbstractList" namespace="DesignPatterns\Creational\AbstractFactory\Component" fullPackage="DesignPatterns" package="DesignPatterns">
          <metrics complexity="1" methods="1" coveredmethods="1" conditionals="0" coveredconditionals="0" statements="2" coveredstatements="2" elements="3" coveredelements="3"/>
        </class>
        <line num="28" type="method" name="__construct" visibility="public" complexity="1" crap="1" count="4"/>
        <line num="29" type="stmt" count="4"/>
        <line num="30" type="stmt" count="4"/>
        <metrics loc="31" ncloc="11" classes="1" methods="1" coveredmethods="1" conditionals="0" coveredconditionals="0" statements="2" coveredstatements="2" elements="3" coveredelements="3"/>
      </file>
    </package>
    <file name="D:\dev\DesignPatterns\src\Creational\AbstractFactory/Component/ComponentInterface.php">
      <metrics loc="20" ncloc="7" classes="0" methods="0" coveredmethods="0" conditionals="0" coveredconditionals="0" statements="0" coveredstatements="0" elements="0" coveredelements="0"/>
    </file>
    <package name="DesignPatterns\Creational\AbstractFactory\Component\Json">
      <file name="D:\dev\DesignPatterns\src\Creational\AbstractFactory/Component/Json/JsonDict.php">
        <class name="JsonDict" namespace="DesignPatterns\Creational\AbstractFactory\Component\Json" fullPackage="DesignPatterns" package="DesignPatterns">
          <metrics complexity="1" methods="1" coveredmethods="1" conditionals="0" coveredconditionals="0" statements="2" coveredstatements="2" elements="3" coveredelements="3"/>
        </class>
        <line num="23" type="method" name="render" visibility="public" complexity="1" crap="1" count="1"/>
        <line num="24" type="stmt" count="1"/>
        <line num="25" type="stmt" count="1"/>
        <metrics loc="27" ncloc="11" classes="1" methods="1" coveredmethods="1" conditionals="0" coveredconditionals="0" statements="2" coveredstatements="2" elements="3" coveredelements="3"/>
      </file>
      <file name="D:\dev\DesignPatterns\src\Creational\AbstractFactory/Component/Json/JsonList.php">
        <class name="JsonList" namespace="DesignPatterns\Creational\AbstractFactory\Component\Json" fullPackage="DesignPatterns" package="DesignPatterns">
          <metrics complexity="1" methods="1" coveredmethods="1" conditionals="0" coveredconditionals="0" statements="1" coveredstatements="1" elements="2" coveredelements="2"/>
        </class>
        <line num="23" type="method" name="render" visibility="public" complexity="1" crap="1" count="1"/>
        <line num="24" type="stmt" count="1"/>
        <metrics loc="26" ncloc="10" classes="1" methods="1" coveredmethods="1" conditionals="0" coveredconditionals="0" statements="1" coveredstatements="1" elements="2" coveredelements="2"/>
      </file>
    </package>
    <package name="DesignPatterns\Creational\AbstractFactory\Component\Xml">
      <file name="D:\dev\DesignPatterns\src\Creational\AbstractFactory/Component/Xml/XmlDict.php">
        <class name="XmlDict" namespace="DesignPatterns\Creational\AbstractFactory\Component\Xml" fullPackage="DesignPatterns" package="DesignPatterns">
          <metrics complexity="2" methods="1" coveredmethods="1" conditionals="0" coveredconditionals="0" statements="12" coveredstatements="12" elements="13" coveredelements="13"/>
        </class>
        <line num="23" type="method" name="render" visibility="public" complexity="2" crap="2" count="1"/>
        <line num="24" type="stmt" count="1"/>
        <line num="26" type="stmt" count="1"/>
        <line num="27" type="stmt" count="1"/>
        <line num="29" type="stmt" count="1"/>
        <line num="30" type="stmt" count="1"/>
        <line num="32" type="stmt" count="1"/>
        <line num="33" type="stmt" count="1"/>
        <line num="35" type="stmt" count="1"/>
        <line num="36" type="stmt" count="1"/>
        <line num="38" type="stmt" count="1"/>
        <line num="39" type="stmt" count="1"/>
        <line num="41" type="stmt" count="1"/>
        <metrics loc="43" ncloc="27" classes="1" methods="1" coveredmethods="1" conditionals="0" coveredconditionals="0" statements="12" coveredstatements="12" elements="13" coveredelements="13"/>
      </file>
      <file name="D:\dev\DesignPatterns\src\Creational\AbstractFactory/Component/Xml/XmlList.php">
        <class name="XmlList" namespace="DesignPatterns\Creational\AbstractFactory\Component\Xml" fullPackage="DesignPatterns" package="DesignPatterns">
          <metrics complexity="2" methods="1" coveredmethods="1" conditionals="0" coveredconditionals="0" statements="8" coveredstatements="8" elements="9" coveredelements="9"/>
        </class>
        <line num="23" type="method" name="render" visibility="public" complexity="2" crap="2" count="1"/>
        <line num="24" type="stmt" count="1"/>
        <line num="26" type="stmt" count="1"/>
        <line num="27" type="stmt" count="1"/>
        <line num="29" type="stmt" count="1"/>
        <line num="30" type="stmt" count="1"/>
        <line num="31" type="stmt" count="1"/>
        <line num="32" type="stmt" count="1"/>
        <line num="34" type="stmt" count="1"/>
        <metrics loc="36" ncloc="20" classes="1" methods="1" coveredmethods="1" conditionals="0" coveredconditionals="0" statements="8" coveredstatements="8" elements="9" coveredelements="9"/>
      </file>
    </package>
    <metrics files="10" loc="329" ncloc="144" classes="8" methods="10" coveredmethods="10" conditionals="0" coveredconditionals="0" statements="34" coveredstatements="34" elements="44" coveredelements="44"/>
  </project>
</coverage>
